[debug] [2019-05-14T21:00:09.218Z] ----------------------------------------------------------------------
[debug] [2019-05-14T21:00:09.224Z] Command:       /Users/Evan/.nvm/versions/node/v11.9.0/bin/node /Users/Evan/.nvm/versions/node/v11.9.0/bin/firebase serve --only functions
[debug] [2019-05-14T21:00:09.224Z] CLI Version:   6.9.2
[debug] [2019-05-14T21:00:09.224Z] Platform:      darwin
[debug] [2019-05-14T21:00:09.224Z] Node Version:  v11.9.0
[debug] [2019-05-14T21:00:09.225Z] Time:          Wed May 15 2019 06:00:09 GMT+0900 (Korean Standard Time)
[debug] [2019-05-14T21:00:09.225Z] ----------------------------------------------------------------------
[debug] 
[debug] [2019-05-14T21:00:09.236Z] > command requires scopes: ["email","openid","https://www.googleapis.com/auth/cloudplatformprojects.readonly","https://www.googleapis.com/auth/firebase","https://www.googleapis.com/auth/cloud-platform"]
[debug] [2019-05-14T21:00:09.236Z] > authorizing via signed-in user
[debug] [2019-05-14T21:00:09.236Z] [iam] checking project testing-617da for permissions ["firebase.projects.get"]
[debug] [2019-05-14T21:00:09.238Z] >>> HTTP REQUEST POST https://cloudresourcemanager.googleapis.com/v1/projects/testing-617da:testIamPermissions  

[debug] [2019-05-14T21:00:10.765Z] <<< HTTP RESPONSE 200
[debug] [2019-05-14T21:00:10.768Z] >>> HTTP REQUEST GET https://cloudresourcemanager.googleapis.com/v1/projects/testing-617da  
 
[debug] [2019-05-14T21:00:12.299Z] <<< HTTP RESPONSE 200
[warn] ⚠  Your functions directory does not specify a Node version.
   - Learn more at https://firebase.google.com/docs/functions/manage-functions#set_runtime_options
[debug] [2019-05-14T21:00:12.304Z] >>> HTTP REQUEST GET https://mobilesdk-pa.googleapis.com/v1/projects/862420802331:getServerAppConfig  
 
[debug] [2019-05-14T21:00:13.318Z] <<< HTTP RESPONSE 200
[info] ✔  functions: Emulator started at http://localhost:5000
[info] i  functions: Watching "/Users/Evan/litOrShit/litOrShit/functions" for Cloud Functions...
[debug] [2019-05-14T21:00:13.628Z] Functions runtime initialized.
[debug] [2019-05-14T21:00:13.628Z] Disabled runtime features: {"functions_config_helper":true,"network_filtering":true,"timeout":true,"memory_limiting":true,"protect_env":true,"admin_stubs":true}
[warn] ⚠  Error: Cannot find module 'package.json'
    at Function.Module._resolveFilename (internal/modules/cjs/loader.js:609:15)
    at Function.Module._load (internal/modules/cjs/loader.js:535:25)
    at Module.require (internal/modules/cjs/loader.js:663:17)
    at require (internal/modules/cjs/helpers.js:20:18)
    at verifyDeveloperNodeModules (/Users/Evan/.nvm/versions/node/v11.9.0/lib/node_modules/firebase-tools/lib/emulator/functionsEmulatorRuntime.js:118:32)
    at /Users/Evan/.nvm/versions/node/v11.9.0/lib/node_modules/firebase-tools/lib/emulator/functionsEmulatorRuntime.js:458:26
    at Generator.next (<anonymous>)
    at /Users/Evan/.nvm/versions/node/v11.9.0/lib/node_modules/firebase-tools/lib/emulator/functionsEmulatorRuntime.js:7:71
    at new Promise (<anonymous>)
    at __awaiter (/Users/Evan/.nvm/versions/node/v11.9.0/lib/node_modules/firebase-tools/lib/emulator/functionsEmulatorRuntime.js:3:12)
[warn] ⚠  Your function was killed because it raised an unhandled error.
[debug] [2019-05-14T21:04:38.916Z] ----------------------------------------------------------------------
[debug] [2019-05-14T21:04:38.919Z] Command:       /Users/Evan/.nvm/versions/node/v11.9.0/bin/node /Users/Evan/.nvm/versions/node/v11.9.0/bin/firebase serve --only functions
[debug] [2019-05-14T21:04:38.919Z] CLI Version:   6.9.2
[debug] [2019-05-14T21:04:38.919Z] Platform:      darwin
[debug] [2019-05-14T21:04:38.919Z] Node Version:  v11.9.0
[debug] [2019-05-14T21:04:38.920Z] Time:          Wed May 15 2019 06:04:38 GMT+0900 (Korean Standard Time)
[debug] [2019-05-14T21:04:38.921Z] ----------------------------------------------------------------------
[debug] 
[debug] [2019-05-14T21:04:38.939Z] > command requires scopes: ["email","openid","https://www.googleapis.com/auth/cloudplatformprojects.readonly","https://www.googleapis.com/auth/firebase","https://www.googleapis.com/auth/cloud-platform"]
[debug] [2019-05-14T21:04:38.939Z] > authorizing via signed-in user
[debug] [2019-05-14T21:04:38.940Z] [iam] checking project testing-617da for permissions ["firebase.projects.get"]
[debug] [2019-05-14T21:04:38.943Z] >>> HTTP REQUEST POST https://cloudresourcemanager.googleapis.com/v1/projects/testing-617da:testIamPermissions  

[debug] [2019-05-14T21:04:40.595Z] <<< HTTP RESPONSE 200
[debug] [2019-05-14T21:04:40.597Z] >>> HTTP REQUEST GET https://cloudresourcemanager.googleapis.com/v1/projects/testing-617da  
 
[debug] [2019-05-14T21:04:42.125Z] <<< HTTP RESPONSE 200
[warn] ⚠  Your functions directory does not specify a Node version.
   - Learn more at https://firebase.google.com/docs/functions/manage-functions#set_runtime_options
[debug] [2019-05-14T21:04:42.129Z] >>> HTTP REQUEST GET https://mobilesdk-pa.googleapis.com/v1/projects/862420802331:getServerAppConfig  
 
[debug] [2019-05-14T21:04:43.142Z] <<< HTTP RESPONSE 200
[info] ✔  functions: Emulator started at http://localhost:5000
[info] i  functions: Watching "/Users/Evan/litOrShit/litOrShit/functions" for Cloud Functions...
[debug] [2019-05-14T21:04:43.755Z] Functions runtime initialized.
[debug] [2019-05-14T21:04:43.755Z] Disabled runtime features: {"functions_config_helper":true,"network_filtering":true,"timeout":true,"memory_limiting":true,"protect_env":true,"admin_stubs":true}
[warn] ⚠  Error: Cannot find module 'package.json'
    at Function.Module._resolveFilename (internal/modules/cjs/loader.js:609:15)
    at Function.Module._load (internal/modules/cjs/loader.js:535:25)
    at Module.require (internal/modules/cjs/loader.js:663:17)
    at require (internal/modules/cjs/helpers.js:20:18)
    at verifyDeveloperNodeModules (/Users/Evan/.nvm/versions/node/v11.9.0/lib/node_modules/firebase-tools/lib/emulator/functionsEmulatorRuntime.js:118:32)
    at /Users/Evan/.nvm/versions/node/v11.9.0/lib/node_modules/firebase-tools/lib/emulator/functionsEmulatorRuntime.js:458:26
    at Generator.next (<anonymous>)
    at /Users/Evan/.nvm/versions/node/v11.9.0/lib/node_modules/firebase-tools/lib/emulator/functionsEmulatorRuntime.js:7:71
    at new Promise (<anonymous>)
    at __awaiter (/Users/Evan/.nvm/versions/node/v11.9.0/lib/node_modules/firebase-tools/lib/emulator/functionsEmulatorRuntime.js:3:12)
[warn] ⚠  Your function was killed because it raised an unhandled error.
[debug] [2019-05-14T21:06:22.392Z] ----------------------------------------------------------------------
[debug] [2019-05-14T21:06:22.396Z] Command:       /Users/Evan/.nvm/versions/node/v11.9.0/bin/node /Users/Evan/.nvm/versions/node/v11.9.0/bin/firebase serve --only functions
[debug] [2019-05-14T21:06:22.397Z] CLI Version:   6.9.2
[debug] [2019-05-14T21:06:22.397Z] Platform:      darwin
[debug] [2019-05-14T21:06:22.397Z] Node Version:  v11.9.0
[debug] [2019-05-14T21:06:22.398Z] Time:          Wed May 15 2019 06:06:22 GMT+0900 (Korean Standard Time)
[debug] [2019-05-14T21:06:22.399Z] ----------------------------------------------------------------------
[debug] 
[debug] [2019-05-14T21:06:22.413Z] > command requires scopes: ["email","openid","https://www.googleapis.com/auth/cloudplatformprojects.readonly","https://www.googleapis.com/auth/firebase","https://www.googleapis.com/auth/cloud-platform"]
[debug] [2019-05-14T21:06:22.413Z] > authorizing via signed-in user
[debug] [2019-05-14T21:06:22.413Z] [iam] checking project testing-617da for permissions ["firebase.projects.get"]
[debug] [2019-05-14T21:06:22.415Z] >>> HTTP REQUEST POST https://cloudresourcemanager.googleapis.com/v1/projects/testing-617da:testIamPermissions  

[debug] [2019-05-14T21:06:24.009Z] <<< HTTP RESPONSE 200
[debug] [2019-05-14T21:06:24.011Z] >>> HTTP REQUEST GET https://cloudresourcemanager.googleapis.com/v1/projects/testing-617da  
 
[debug] [2019-05-14T21:06:25.540Z] <<< HTTP RESPONSE 200
[warn] ⚠  Your functions directory does not specify a Node version.
   - Learn more at https://firebase.google.com/docs/functions/manage-functions#set_runtime_options
[debug] [2019-05-14T21:06:25.544Z] >>> HTTP REQUEST GET https://mobilesdk-pa.googleapis.com/v1/projects/862420802331:getServerAppConfig  
 
[debug] [2019-05-14T21:06:26.564Z] <<< HTTP RESPONSE 200
[info] ✔  functions: Emulator started at http://localhost:5000
[info] i  functions: Watching "/Users/Evan/litOrShit/litOrShit/functions" for Cloud Functions...
[debug] [2019-05-14T21:06:27.230Z] Functions runtime initialized.
[debug] [2019-05-14T21:06:27.230Z] Disabled runtime features: {"functions_config_helper":true,"network_filtering":true,"timeout":true,"memory_limiting":true,"protect_env":true,"admin_stubs":true}
[warn] ⚠  The Cloud Functions emulator requires the module "firebase-functions-test" to be installed as a development dependency. To fix this, run "npm install --save-dev firebase-functions-test" in your functions directory.
[info] i  functions: Your functions could not be parsed due to an issue with your node_modules (see above)
